carpoolapp/app/build/intermediates/manifest_merge_blame_file/debug/manifest-merger-blame-debug-report.txt
1<?xml version="1.0" encoding="utf-8"?>
2<manifest xmlns:android="http://schemas.android.com/apk/res/android"
3    package="com.example.carpoolapp"
4    android:versionCode="1"
5    android:versionName="1.0" >
6
7    <uses-sdk
8        android:minSdkVersion="24"
8-->src\main\AndroidManifest.xml
9        android:targetSdkVersion="33" />
9-->src\main\AndroidManifest.xml
10
11    <!-- Include required permissions for Google Maps API to run. -->
12    <uses-permission android:name="android.permission.ACCESS_NETWORK_STATE" />
12-->[com.google.android.gms:play-services-maps:18.1.0] AndroidManifest.xml:23:5-79
12-->[com.google.android.gms:play-services-maps:18.1.0] AndroidManifest.xml:23:22-76
13    <uses-permission android:name="android.permission.INTERNET" />
13-->[com.google.android.gms:play-services-maps:18.1.0] AndroidManifest.xml:24:5-67
13-->[com.google.android.gms:play-services-maps:18.1.0] AndroidManifest.xml:24:22-64
14
15    <uses-feature
15-->[com.google.android.gms:play-services-maps:18.1.0] AndroidManifest.xml:26:5-28:35
16        android:glEsVersion="0x00020000"
16-->[com.google.android.gms:play-services-maps:18.1.0] AndroidManifest.xml:27:9-41
17        android:required="true" />
17-->[com.google.android.gms:play-services-maps:18.1.0] AndroidManifest.xml:28:9-32
18
19    <queries>
19-->[com.google.android.gms:play-services-maps:18.1.0] AndroidManifest.xml:30:5-34:15
20
21        <!-- Needs to be explicitly declared on Android R+ -->
22        <package android:name="com.google.android.apps.maps" />
22-->[com.google.android.gms:play-services-maps:18.1.0] AndroidManifest.xml:33:9-64
22-->[com.google.android.gms:play-services-maps:18.1.0] AndroidManifest.xml:33:18-61
23    </queries>
24
25    <permission
25-->[androidx.core:core:1.10.0] AndroidManifest.xml:22:5-24:47
26        android:name="com.example.carpoolapp.DYNAMIC_RECEIVER_NOT_EXPORTED_PERMISSION"
26-->[androidx.core:core:1.10.0] AndroidManifest.xml:23:9-81
27        android:protectionLevel="signature" />
27-->[androidx.core:core:1.10.0] AndroidManifest.xml:24:9-44
28
29    <uses-permission android:name="com.example.carpoolapp.DYNAMIC_RECEIVER_NOT_EXPORTED_PERMISSION" />
29-->[androidx.core:core:1.10.0] AndroidManifest.xml:26:5-97
29-->[androidx.core:core:1.10.0] AndroidManifest.xml:26:22-94
30
31    <application
31-->src\main\AndroidManifest.xml:5:5-66:19
32        android:allowBackup="true"
32-->src\main\AndroidManifest.xml:6:9-35
33        android:appComponentFactory="androidx.core.app.CoreComponentFactory"
33-->[androidx.core:core:1.10.0] AndroidManifest.xml:28:18-86
34        android:dataExtractionRules="@xml/data_extraction_rules"
34-->src\main\AndroidManifest.xml:7:9-65
35        android:debuggable="true"
36        android:extractNativeLibs="false"
37        android:fullBackupContent="@xml/backup_rules"
37-->src\main\AndroidManifest.xml:8:9-54
38        android:icon="@mipmap/ic_launcher"
38-->src\main\AndroidManifest.xml:9:9-43
39        android:label="@string/app_name"
39-->src\main\AndroidManifest.xml:10:9-41
40        android:supportsRtl="true"
40-->src\main\AndroidManifest.xml:11:9-35
41        android:testOnly="true"
42        android:theme="@style/Theme.Carpoolapp" >
42-->src\main\AndroidManifest.xml:12:9-48
43        <activity
43-->src\main\AndroidManifest.xml:14:9-16:40
44            android:name="com.example.carpoolapp.RatingFormActivity"
44-->src\main\AndroidManifest.xml:15:13-47
45            android:exported="false" />
45-->src\main\AndroidManifest.xml:16:13-37
46        <activity
46-->src\main\AndroidManifest.xml:17:9-19:40
47            android:name="com.example.carpoolapp.RegistrationActivity"
47-->src\main\AndroidManifest.xml:18:13-49
48            android:exported="false" />
48-->src\main\AndroidManifest.xml:19:13-37
49        <activity
49-->src\main\AndroidManifest.xml:20:9-22:40
50            android:name="com.example.carpoolapp.LoginActivity"
50-->src\main\AndroidManifest.xml:21:13-42
51            android:exported="false" />
51-->src\main\AndroidManifest.xml:22:13-37
52        <activity
52-->src\main\AndroidManifest.xml:23:9-31:20
53            android:name="com.example.carpoolapp.StartingActivity"
53-->src\main\AndroidManifest.xml:24:13-45
54            android:exported="true" >
54-->src\main\AndroidManifest.xml:25:13-36
55            <intent-filter>
55-->src\main\AndroidManifest.xml:26:13-30:29
56                <action android:name="android.intent.action.MAIN" />
56-->src\main\AndroidManifest.xml:27:17-69
56-->src\main\AndroidManifest.xml:27:25-66
57
58                <category android:name="android.intent.category.LAUNCHER" />
58-->src\main\AndroidManifest.xml:29:17-77
58-->src\main\AndroidManifest.xml:29:27-74
59            </intent-filter>
60        </activity>
61        <!--
62             TODO: Before you run your application, you need a Google Maps API key.
63
64             To get one, follow the directions here:
65
66                https://developers.google.com/maps/documentation/android-sdk/get-api-key
67
68             Once you have your API key (it starts with "AIza"), define a new property in your
69             project's local.properties file (e.g. MAPS_API_KEY=Aiza...), and replace the
70             "YOUR_API_KEY" string in this file with "${MAPS_API_KEY}".
71        -->
72        <meta-data
72-->src\main\AndroidManifest.xml:43:9-45:71
73            android:name="com.google.android.geo.API_KEY"
73-->src\main\AndroidManifest.xml:44:13-58
74            android:value="AIzaSyA7JbQ-UI_ozF74Z7XBMrYWzGHGors8MT4" />
74-->src\main\AndroidManifest.xml:45:13-68
75
76        <activity
76-->src\main\AndroidManifest.xml:47:9-55:20
77            android:name="com.example.carpoolapp.MainActivity"
77-->src\main\AndroidManifest.xml:48:13-41
78            android:exported="true" >
78-->src\main\AndroidManifest.xml:49:13-36
79            <intent-filter>
79-->src\main\AndroidManifest.xml:26:13-30:29
80                <action android:name="android.intent.action.MAIN" />
80-->src\main\AndroidManifest.xml:27:17-69
80-->src\main\AndroidManifest.xml:27:25-66
81
82                <category android:name="android.intent.category.LAUNCHER" />
82-->src\main\AndroidManifest.xml:29:17-77
82-->src\main\AndroidManifest.xml:29:27-74
83            </intent-filter>
84        </activity>
85        <activity
85-->src\main\AndroidManifest.xml:56:9-65:20
86            android:name="com.example.carpoolapp.MapsActivity"
86-->src\main\AndroidManifest.xml:57:13-41
87            android:exported="true"
87-->src\main\AndroidManifest.xml:58:13-36
88            android:label="@string/title_activity_maps" >
88-->src\main\AndroidManifest.xml:59:13-56
89            <intent-filter>
89-->src\main\AndroidManifest.xml:26:13-30:29
90                <action android:name="android.intent.action.MAIN" />
90-->src\main\AndroidManifest.xml:27:17-69
90-->src\main\AndroidManifest.xml:27:25-66
91
92                <category android:name="android.intent.category.LAUNCHER" />
92-->src\main\AndroidManifest.xml:29:17-77
92-->src\main\AndroidManifest.xml:29:27-74
93            </intent-filter>
94        </activity>
95        <!-- Needs to be explicitly declared on P+ -->
96        <uses-library
96-->[com.google.android.gms:play-services-maps:18.1.0] AndroidManifest.xml:39:9-41:40
97            android:name="org.apache.http.legacy"
97-->[com.google.android.gms:play-services-maps:18.1.0] AndroidManifest.xml:40:13-50
98            android:required="false" />
98-->[com.google.android.gms:play-services-maps:18.1.0] AndroidManifest.xml:41:13-37
99
100        <activity
100-->[com.google.firebase:firebase-auth:20.0.4] AndroidManifest.xml:27:9-44:20
101            android:name="com.google.firebase.auth.internal.GenericIdpActivity"
101-->[com.google.firebase:firebase-auth:20.0.4] AndroidManifest.xml:28:13-80
102            android:excludeFromRecents="true"
102-->[com.google.firebase:firebase-auth:20.0.4] AndroidManifest.xml:29:13-46
103            android:exported="true"
103-->[com.google.firebase:firebase-auth:20.0.4] AndroidManifest.xml:30:13-36
104            android:launchMode="singleTask"
104-->[com.google.firebase:firebase-auth:20.0.4] AndroidManifest.xml:31:13-44
105            android:theme="@android:style/Theme.Translucent.NoTitleBar" >
105-->[com.google.firebase:firebase-auth:20.0.4] AndroidManifest.xml:32:13-72
106            <intent-filter>
106-->[com.google.firebase:firebase-auth:20.0.4] AndroidManifest.xml:33:13-43:29
107                <action android:name="android.intent.action.VIEW" />
107-->[com.google.firebase:firebase-auth:20.0.4] AndroidManifest.xml:34:17-69
107-->[com.google.firebase:firebase-auth:20.0.4] AndroidManifest.xml:34:25-66
108
109                <category android:name="android.intent.category.DEFAULT" />
109-->[com.google.firebase:firebase-auth:20.0.4] AndroidManifest.xml:36:17-76
109-->[com.google.firebase:firebase-auth:20.0.4] AndroidManifest.xml:36:27-73
110                <category android:name="android.intent.category.BROWSABLE" />
110-->[com.google.firebase:firebase-auth:20.0.4] AndroidManifest.xml:37:17-78
110-->[com.google.firebase:firebase-auth:20.0.4] AndroidManifest.xml:37:27-75
111
112                <data
112-->[com.google.firebase:firebase-auth:20.0.4] AndroidManifest.xml:39:17-42:51
113                    android:host="firebase.auth"
113-->[com.google.firebase:firebase-auth:20.0.4] AndroidManifest.xml:40:21-49
114                    android:path="/"
114-->[com.google.firebase:firebase-auth:20.0.4] AndroidManifest.xml:41:21-37
115                    android:scheme="genericidp" />
115-->[com.google.firebase:firebase-auth:20.0.4] AndroidManifest.xml:42:21-48
116            </intent-filter>
117        </activity>
118        <activity
118-->[com.google.firebase:firebase-auth:20.0.4] AndroidManifest.xml:45:9-62:20
119            android:name="com.google.firebase.auth.internal.RecaptchaActivity"
119-->[com.google.firebase:firebase-auth:20.0.4] AndroidManifest.xml:46:13-79
120            android:excludeFromRecents="true"
120-->[com.google.firebase:firebase-auth:20.0.4] AndroidManifest.xml:47:13-46
121            android:exported="true"
121-->[com.google.firebase:firebase-auth:20.0.4] AndroidManifest.xml:48:13-36
122            android:launchMode="singleTask"
122-->[com.google.firebase:firebase-auth:20.0.4] AndroidManifest.xml:49:13-44
123            android:theme="@android:style/Theme.Translucent.NoTitleBar" >
123-->[com.google.firebase:firebase-auth:20.0.4] AndroidManifest.xml:50:13-72
124            <intent-filter>
124-->[com.google.firebase:firebase-auth:20.0.4] AndroidManifest.xml:51:13-61:29
125                <action android:name="android.intent.action.VIEW" />
125-->[com.google.firebase:firebase-auth:20.0.4] AndroidManifest.xml:34:17-69
125-->[com.google.firebase:firebase-auth:20.0.4] AndroidManifest.xml:34:25-66
126
127                <category android:name="android.intent.category.DEFAULT" />
127-->[com.google.firebase:firebase-auth:20.0.4] AndroidManifest.xml:36:17-76
127-->[com.google.firebase:firebase-auth:20.0.4] AndroidManifest.xml:36:27-73
128                <category android:name="android.intent.category.BROWSABLE" />
128-->[com.google.firebase:firebase-auth:20.0.4] AndroidManifest.xml:37:17-78
128-->[com.google.firebase:firebase-auth:20.0.4] AndroidManifest.xml:37:27-75
129
130                <data
130-->[com.google.firebase:firebase-auth:20.0.4] AndroidManifest.xml:39:17-42:51
131                    android:host="firebase.auth"
131-->[com.google.firebase:firebase-auth:20.0.4] AndroidManifest.xml:40:21-49
132                    android:path="/"
132-->[com.google.firebase:firebase-auth:20.0.4] AndroidManifest.xml:41:21-37
133                    android:scheme="recaptcha" />
133-->[com.google.firebase:firebase-auth:20.0.4] AndroidManifest.xml:42:21-48
134            </intent-filter>
135        </activity>
136
137        <service
137-->[com.google.firebase:firebase-auth:20.0.4] AndroidManifest.xml:64:9-73:19
138            android:name="com.google.firebase.auth.api.fallback.service.FirebaseAuthFallbackService"
138-->[com.google.firebase:firebase-auth:20.0.4] AndroidManifest.xml:65:13-101
139            android:enabled="true"
139-->[com.google.firebase:firebase-auth:20.0.4] AndroidManifest.xml:66:13-35
140            android:exported="false" >
140-->[com.google.firebase:firebase-auth:20.0.4] AndroidManifest.xml:67:13-37
141            <intent-filter>
141-->[com.google.firebase:firebase-auth:20.0.4] AndroidManifest.xml:68:13-72:29
142                <action android:name="com.google.firebase.auth.api.gms.service.START" />
142-->[com.google.firebase:firebase-auth:20.0.4] AndroidManifest.xml:69:17-89
142-->[com.google.firebase:firebase-auth:20.0.4] AndroidManifest.xml:69:25-86
143
144                <category android:name="android.intent.category.DEFAULT" />
144-->[com.google.firebase:firebase-auth:20.0.4] AndroidManifest.xml:36:17-76
144-->[com.google.firebase:firebase-auth:20.0.4] AndroidManifest.xml:36:27-73
145            </intent-filter>
146        </service>
147        <service
147-->[com.google.firebase:firebase-auth:20.0.4] AndroidManifest.xml:74:9-80:19
148            android:name="com.google.firebase.components.ComponentDiscoveryService"
148-->[com.google.firebase:firebase-auth:20.0.4] AndroidManifest.xml:75:13-84
149            android:directBootAware="true"
149-->[com.google.firebase:firebase-common:20.2.0] AndroidManifest.xml:34:13-43
150            android:exported="false" >
150-->[com.google.firebase:firebase-auth:20.0.4] AndroidManifest.xml:76:13-37
151            <meta-data
151-->[com.google.firebase:firebase-auth:20.0.4] AndroidManifest.xml:77:13-79:85
152                android:name="com.google.firebase.components:com.google.firebase.auth.FirebaseAuthRegistrar"
152-->[com.google.firebase:firebase-auth:20.0.4] AndroidManifest.xml:78:17-109
153                android:value="com.google.firebase.components.ComponentRegistrar" />
153-->[com.google.firebase:firebase-auth:20.0.4] AndroidManifest.xml:79:17-82
154            <meta-data
154-->[com.google.firebase:firebase-database-ktx:20.1.0] AndroidManifest.xml:14:13-16:85
155                android:name="com.google.firebase.components:com.google.firebase.database.ktx.FirebaseDatabaseKtxRegistrar"
155-->[com.google.firebase:firebase-database-ktx:20.1.0] AndroidManifest.xml:15:17-124
156                android:value="com.google.firebase.components.ComponentRegistrar" />
156-->[com.google.firebase:firebase-database-ktx:20.1.0] AndroidManifest.xml:16:17-82
157            <meta-data
157-->[com.google.firebase:firebase-database:20.1.0] AndroidManifest.xml:31:13-33:85
158                android:name="com.google.firebase.components:com.google.firebase.database.DatabaseRegistrar"
158-->[com.google.firebase:firebase-database:20.1.0] AndroidManifest.xml:32:17-109
159                android:value="com.google.firebase.components.ComponentRegistrar" />
159-->[com.google.firebase:firebase-database:20.1.0] AndroidManifest.xml:33:17-82
160            <meta-data
160-->[com.google.firebase:firebase-common-ktx:20.2.0] AndroidManifest.xml:14:13-16:85
161                android:name="com.google.firebase.components:com.google.firebase.ktx.FirebaseCommonKtxRegistrar"
161-->[com.google.firebase:firebase-common-ktx:20.2.0] AndroidManifest.xml:15:17-113
162                android:value="com.google.firebase.components.ComponentRegistrar" />
162-->[com.google.firebase:firebase-common-ktx:20.2.0] AndroidManifest.xml:16:17-82
163        </service>
164
165        <activity
165-->[com.google.android.gms:play-services-base:18.0.1] AndroidManifest.xml:20:9-22:45
166            android:name="com.google.android.gms.common.api.GoogleApiActivity"
166-->[com.google.android.gms:play-services-base:18.0.1] AndroidManifest.xml:20:19-85
167            android:exported="false"
167-->[com.google.android.gms:play-services-base:18.0.1] AndroidManifest.xml:22:19-43
168            android:theme="@android:style/Theme.Translucent.NoTitleBar" />
168-->[com.google.android.gms:play-services-base:18.0.1] AndroidManifest.xml:21:19-78
169
170        <provider
170-->[com.google.firebase:firebase-common:20.2.0] AndroidManifest.xml:25:9-30:39
171            android:name="com.google.firebase.provider.FirebaseInitProvider"
171-->[com.google.firebase:firebase-common:20.2.0] AndroidManifest.xml:26:13-77
172            android:authorities="com.example.carpoolapp.firebaseinitprovider"
172-->[com.google.firebase:firebase-common:20.2.0] AndroidManifest.xml:27:13-72
173            android:directBootAware="true"
173-->[com.google.firebase:firebase-common:20.2.0] AndroidManifest.xml:28:13-43
174            android:exported="false"
174-->[com.google.firebase:firebase-common:20.2.0] AndroidManifest.xml:29:13-37
175            android:initOrder="100" />
175-->[com.google.firebase:firebase-common:20.2.0] AndroidManifest.xml:30:13-36
176
177        <meta-data
177-->[com.google.android.gms:play-services-basement:18.1.0] AndroidManifest.xml:21:9-23:69
178            android:name="com.google.android.gms.version"
178-->[com.google.android.gms:play-services-basement:18.1.0] AndroidManifest.xml:22:13-58
179            android:value="@integer/google_play_services_version" />
179-->[com.google.android.gms:play-services-basement:18.1.0] AndroidManifest.xml:23:13-66
180
181        <provider
181-->[androidx.emoji2:emoji2:1.2.0] AndroidManifest.xml:24:9-32:20
182            android:name="androidx.startup.InitializationProvider"
182-->[androidx.emoji2:emoji2:1.2.0] AndroidManifest.xml:25:13-67
183            android:authorities="com.example.carpoolapp.androidx-startup"
183-->[androidx.emoji2:emoji2:1.2.0] AndroidManifest.xml:26:13-68
184            android:exported="false" >
184-->[androidx.emoji2:emoji2:1.2.0] AndroidManifest.xml:27:13-37
185            <meta-data
185-->[androidx.emoji2:emoji2:1.2.0] AndroidManifest.xml:29:13-31:52
186                android:name="androidx.emoji2.text.EmojiCompatInitializer"
186-->[androidx.emoji2:emoji2:1.2.0] AndroidManifest.xml:30:17-75
187                android:value="androidx.startup" />
187-->[androidx.emoji2:emoji2:1.2.0] AndroidManifest.xml:31:17-49
188            <meta-data
188-->[androidx.lifecycle:lifecycle-process:2.6.1] AndroidManifest.xml:29:13-31:52
189                android:name="androidx.lifecycle.ProcessLifecycleInitializer"
189-->[androidx.lifecycle:lifecycle-process:2.6.1] AndroidManifest.xml:30:17-78
190                android:value="androidx.startup" />
190-->[androidx.lifecycle:lifecycle-process:2.6.1] AndroidManifest.xml:31:17-49
191            <meta-data
191-->[androidx.profileinstaller:profileinstaller:1.3.0] AndroidManifest.xml:29:13-31:52
192                android:name="androidx.profileinstaller.ProfileInstallerInitializer"
192-->[androidx.profileinstaller:profileinstaller:1.3.0] AndroidManifest.xml:30:17-85
193                android:value="androidx.startup" />
193-->[androidx.profileinstaller:profileinstaller:1.3.0] AndroidManifest.xml:31:17-49
194        </provider>
195
196        <receiver
196-->[androidx.profileinstaller:profileinstaller:1.3.0] AndroidManifest.xml:34:9-52:20
197            android:name="androidx.profileinstaller.ProfileInstallReceiver"
197-->[androidx.profileinstaller:profileinstaller:1.3.0] AndroidManifest.xml:35:13-76
198            android:directBootAware="false"
198-->[androidx.profileinstaller:profileinstaller:1.3.0] AndroidManifest.xml:36:13-44
199            android:enabled="true"
199-->[androidx.profileinstaller:profileinstaller:1.3.0] AndroidManifest.xml:37:13-35
200            android:exported="true"
200-->[androidx.profileinstaller:profileinstaller:1.3.0] AndroidManifest.xml:38:13-36
201            android:permission="android.permission.DUMP" >
201-->[androidx.profileinstaller:profileinstaller:1.3.0] AndroidManifest.xml:39:13-57
202            <intent-filter>
202-->[androidx.profileinstaller:profileinstaller:1.3.0] AndroidManifest.xml:40:13-42:29
203                <action android:name="androidx.profileinstaller.action.INSTALL_PROFILE" />
203-->[androidx.profileinstaller:profileinstaller:1.3.0] AndroidManifest.xml:41:17-91
203-->[androidx.profileinstaller:profileinstaller:1.3.0] AndroidManifest.xml:41:25-88
204            </intent-filter>
205            <intent-filter>
205-->[androidx.profileinstaller:profileinstaller:1.3.0] AndroidManifest.xml:43:13-45:29
206                <action android:name="androidx.profileinstaller.action.SKIP_FILE" />
206-->[androidx.profileinstaller:profileinstaller:1.3.0] AndroidManifest.xml:44:17-85
206-->[androidx.profileinstaller:profileinstaller:1.3.0] AndroidManifest.xml:44:25-82
207            </intent-filter>
208            <intent-filter>
208-->[androidx.profileinstaller:profileinstaller:1.3.0] AndroidManifest.xml:46:13-48:29
209                <action android:name="androidx.profileinstaller.action.SAVE_PROFILE" />
209-->[androidx.profileinstaller:profileinstaller:1.3.0] AndroidManifest.xml:47:17-88
209-->[androidx.profileinstaller:profileinstaller:1.3.0] AndroidManifest.xml:47:25-85
210            </intent-filter>
211            <intent-filter>
211-->[androidx.profileinstaller:profileinstaller:1.3.0] AndroidManifest.xml:49:13-51:29
212                <action android:name="androidx.profileinstaller.action.BENCHMARK_OPERATION" />
212-->[androidx.profileinstaller:profileinstaller:1.3.0] AndroidManifest.xml:50:17-95
212-->[androidx.profileinstaller:profileinstaller:1.3.0] AndroidManifest.xml:50:25-92
213            </intent-filter>
214        </receiver>
215    </application>
216
217</manifest>